
==================================================
Ticker: MANINFRA.NS
Conditions Met: 3 of 6

Successful Conditions:
✓ Sample Size
✓ Tight Consolidation
✓ Volatility Impulse

Failed Conditions:
✗ Low Volume Consolidation
✗ Ema Proximity
✗ Reversal Level

Timestamp: 2024-12-07 23:35:30

==================================================
Ticker: MANKIND.NS
Conditions Met: 6 of 6

Successful Conditions:
✓ Sample Size
✓ Tight Consolidation
✓ Volatility Impulse
✓ Low Volume Consolidation
✓ Ema Proximity
✓ Reversal Level

Timestamp: 2024-12-07 23:35:30
