
==================================================
Ticker: TITAN.NS
Conditions Met: 5 of 6

Successful Conditions:
✓ Sample Size
✓ Tight Consolidation
✓ Volatility Impulse
✓ Low Volume Consolidation
✓ Ema Proximity

Failed Conditions:
✗ Reversal Level

Timestamp: 2024-12-07 23:44:19

==================================================
Ticker: TMB.NS
Conditions Met: 4 of 6

Successful Conditions:
✓ Sample Size
✓ Tight Consolidation
✓ Volatility Impulse
✓ Reversal Level

Failed Conditions:
✗ Low Volume Consolidation
✗ Ema Proximity

Timestamp: 2024-12-07 23:44:19
