
==================================================
Ticker: GUFICBIO.NS
Conditions Met: 4 of 6

Successful Conditions:
✓ Sample Size
✓ Tight Consolidation
✓ Volatility Impulse
✓ Reversal Level

Failed Conditions:
✗ Low Volume Consolidation
✗ Ema Proximity

Timestamp: 2024-12-07 23:57:41

==================================================
Ticker: GUJALKALI.NS
Conditions Met: 3 of 6

Successful Conditions:
✓ Sample Size
✓ Tight Consolidation
✓ Volatility Impulse

Failed Conditions:
✗ Low Volume Consolidation
✗ Ema Proximity
✗ Reversal Level

Timestamp: 2024-12-07 23:57:41
