
==================================================
Ticker: HCC.NS
Conditions Met: 2 of 6

Successful Conditions:
✓ Sample Size
✓ Volatility Impulse

Failed Conditions:
✗ Tight Consolidation
✗ Low Volume Consolidation
✗ Ema Proximity
✗ Reversal Level

Timestamp: 2024-12-08 00:33:40

==================================================
Ticker: HCG.NS
Conditions Met: 5 of 6

Successful Conditions:
✓ Sample Size
✓ Tight Consolidation
✓ Volatility Impulse
✓ Low Volume Consolidation
✓ Reversal Level

Failed Conditions:
✗ Ema Proximity

Timestamp: 2024-12-08 00:33:40
