
==================================================
Ticker: MAYURUNIQ.NS
Conditions Met: 3 of 6

Successful Conditions:
✓ Sample Size
✓ Volatility Impulse
✓ Ema Proximity

Failed Conditions:
✗ Tight Consolidation
✗ Low Volume Consolidation
✗ Reversal Level

Timestamp: 2024-12-08 00:38:02

==================================================
Ticker: MAZDA.NS
Conditions Met: 4 of 6

Successful Conditions:
✓ Sample Size
✓ Volatility Impulse
✓ Low Volume Consolidation
✓ Ema Proximity

Failed Conditions:
✗ Tight Consolidation
✗ Reversal Level

Timestamp: 2024-12-08 00:38:02
