
==================================================
Ticker: TVVISION.NS
Conditions Met: 2 of 6

Successful Conditions:
✓ Sample Size
✓ Reversal Level

Failed Conditions:
✗ Tight Consolidation
✗ Volatility Impulse
✗ Low Volume Consolidation
✗ Ema Proximity

Timestamp: 2024-12-08 00:49:49

==================================================
Ticker: UBL.NS
Conditions Met: 4 of 6

Successful Conditions:
✓ Sample Size
✓ Tight Consolidation
✓ Volatility Impulse
✓ Low Volume Consolidation

Failed Conditions:
✗ Ema Proximity
✗ Reversal Level

Timestamp: 2024-12-08 00:49:49
