
==================================================
Ticker: HAPPSTMNDS.NS
Conditions Met: 3 of 6

Successful Conditions:
✓ Sample Size
✓ Tight Consolidation
✓ Low Volume Consolidation

Failed Conditions:
✗ Volatility Impulse
✗ Ema Proximity
✗ Reversal Level

Timestamp: 2024-12-07 23:57:48

==================================================
Ticker: HAPPYFORGE.NS
Conditions Met: 5 of 6

Successful Conditions:
✓ Sample Size
✓ Tight Consolidation
✓ Volatility Impulse
✓ Low Volume Consolidation
✓ Ema Proximity

Failed Conditions:
✗ Reversal Level

Timestamp: 2024-12-07 23:57:48
