
==================================================
Ticker: MAHAPEXLTD.NS
Conditions Met: 3 of 6

Successful Conditions:
✓ Sample Size
✓ Tight Consolidation
✓ Volatility Impulse

Failed Conditions:
✗ Low Volume Consolidation
✗ Ema Proximity
✗ Reversal Level

Timestamp: 2024-12-08 00:03:34

==================================================
Ticker: MAHASTEEL.NS
Conditions Met: 5 of 6

Successful Conditions:
✓ Sample Size
✓ Tight Consolidation
✓ Volatility Impulse
✓ Low Volume Consolidation
✓ Reversal Level

Failed Conditions:
✗ Ema Proximity

Timestamp: 2024-12-08 00:03:34
