
==================================================
Ticker: INDHOTEL.NS
Conditions Met: 4 of 6

Successful Conditions:
✓ Sample Size
✓ Tight Consolidation
✓ Volatility Impulse
✓ Reversal Level

Failed Conditions:
✗ Low Volume Consolidation
✗ Ema Proximity

Timestamp: 2024-12-07 23:59:00

==================================================
Ticker: INDIACEM.NS
Conditions Met: 4 of 6

Successful Conditions:
✓ Sample Size
✓ Low Volume Consolidation
✓ Ema Proximity
✓ Reversal Level

Failed Conditions:
✗ Tight Consolidation
✗ Volatility Impulse

Timestamp: 2024-12-07 23:59:00
