
==================================================
Ticker: MPSLTD.NS
Conditions Met: 4 of 6

Successful Conditions:
✓ Sample Size
✓ Tight Consolidation
✓ Volatility Impulse
✓ Low Volume Consolidation

Failed Conditions:
✗ Ema Proximity
✗ Reversal Level

Timestamp: 2024-12-08 00:04:59

==================================================
Ticker: MRF.NS
Conditions Met: 4 of 6

Successful Conditions:
✓ Sample Size
✓ Tight Consolidation
✓ Low Volume Consolidation
✓ Ema Proximity

Failed Conditions:
✗ Volatility Impulse
✗ Reversal Level

Timestamp: 2024-12-08 00:04:59
