
==================================================
Ticker: JNKINDIA.NS
Conditions Met: 3 of 6

Successful Conditions:
✓ Sample Size
✓ Volatility Impulse
✓ Low Volume Consolidation

Failed Conditions:
✗ Tight Consolidation
✗ Ema Proximity
✗ Reversal Level

Timestamp: 2024-12-08 00:01:46

==================================================
Ticker: JOCIL.NS
Conditions Met: 4 of 6

Successful Conditions:
✓ Sample Size
✓ Tight Consolidation
✓ Volatility Impulse
✓ Ema Proximity

Failed Conditions:
✗ Low Volume Consolidation
✗ Reversal Level

Timestamp: 2024-12-08 00:01:46
