
==================================================
Ticker: UJJIVANSFB.NS
Conditions Met: 3 of 6

Successful Conditions:
✓ Sample Size
✓ Tight Consolidation
✓ Volatility Impulse

Failed Conditions:
✗ Low Volume Consolidation
✗ Ema Proximity
✗ Reversal Level

Timestamp: 2024-12-08 00:49:57

==================================================
Ticker: ULTRACEMCO.NS
Conditions Met: 4 of 6

Successful Conditions:
✓ Sample Size
✓ Tight Consolidation
✓ Low Volume Consolidation
✓ Reversal Level

Failed Conditions:
✗ Volatility Impulse
✗ Ema Proximity

Timestamp: 2024-12-08 00:49:57
