
==================================================
Ticker: LAOPALA.NS
Conditions Met: 4 of 6

Successful Conditions:
✓ Sample Size
✓ Tight Consolidation
✓ Volatility Impulse
✓ Low Volume Consolidation

Failed Conditions:
✗ Ema Proximity
✗ Reversal Level

Timestamp: 2024-12-08 01:19:34

==================================================
Ticker: LASA.NS
Conditions Met: 2 of 6

Successful Conditions:
✓ Sample Size
✓ Volatility Impulse

Failed Conditions:
✗ Tight Consolidation
✗ Low Volume Consolidation
✗ Ema Proximity
✗ Reversal Level

Timestamp: 2024-12-08 01:19:34
