
==================================================
Ticker: CHALET.NS
Conditions Met: 5 of 6

Successful Conditions:
✓ Sample Size
✓ Tight Consolidation
✓ Volatility Impulse
✓ Ema Proximity
✓ Reversal Level

Failed Conditions:
✗ Low Volume Consolidation

Timestamp: 2024-12-08 01:12:31

==================================================
Ticker: CHAMBLFERT.NS
Conditions Met: 2 of 6

Successful Conditions:
✓ Sample Size
✓ Volatility Impulse

Failed Conditions:
✗ Tight Consolidation
✗ Low Volume Consolidation
✗ Ema Proximity
✗ Reversal Level

Timestamp: 2024-12-08 01:12:31
