
==================================================
Ticker: KESORAMIND.NS
Conditions Met: 4 of 6

Successful Conditions:
✓ Sample Size
✓ Tight Consolidation
✓ Low Volume Consolidation
✓ Reversal Level

Failed Conditions:
✗ Volatility Impulse
✗ Ema Proximity

Timestamp: 2024-12-08 00:36:19

==================================================
Ticker: KEYFINSERV.NS
Conditions Met: 2 of 6

Successful Conditions:
✓ Sample Size
✓ Volatility Impulse

Failed Conditions:
✗ Tight Consolidation
✗ Low Volume Consolidation
✗ Ema Proximity
✗ Reversal Level

Timestamp: 2024-12-08 00:36:19
