
==================================================
Ticker: CHEMBOND.NS
Conditions Met: 4 of 6

Successful Conditions:
✓ Sample Size
✓ Volatility Impulse
✓ Low Volume Consolidation
✓ Ema Proximity

Failed Conditions:
✗ Tight Consolidation
✗ Reversal Level

Timestamp: 2024-12-08 00:56:39

==================================================
Ticker: CHEMCON.NS
Conditions Met: 4 of 6

Successful Conditions:
✓ Sample Size
✓ Tight Consolidation
✓ Volatility Impulse
✓ Low Volume Consolidation

Failed Conditions:
✗ Ema Proximity
✗ Reversal Level

Timestamp: 2024-12-08 00:56:39
