
==================================================
Ticker: SABEVENTS.NS
Conditions Met: 2 of 6

Successful Conditions:
✓ Sample Size
✓ Volatility Impulse

Failed Conditions:
✗ Tight Consolidation
✗ Low Volume Consolidation
✗ Ema Proximity
✗ Reversal Level

Timestamp: 2024-12-07 23:40:40

==================================================
Ticker: SABTNL.NS
Conditions Met: 2 of 6

Successful Conditions:
✓ Sample Size
✓ Reversal Level

Failed Conditions:
✗ Tight Consolidation
✗ Volatility Impulse
✗ Low Volume Consolidation
✗ Ema Proximity

Timestamp: 2024-12-07 23:40:40
