
==================================================
Ticker: SOBHA.NS
Conditions Met: 3 of 6

Successful Conditions:
✓ Sample Size
✓ Volatility Impulse
✓ Low Volume Consolidation

Failed Conditions:
✗ Tight Consolidation
✗ Ema Proximity
✗ Reversal Level

Timestamp: 2024-12-08 00:11:05

==================================================
Ticker: SOFTTECH.NS
Conditions Met: 3 of 6

Successful Conditions:
✓ Sample Size
✓ Volatility Impulse
✓ Ema Proximity

Failed Conditions:
✗ Tight Consolidation
✗ Low Volume Consolidation
✗ Reversal Level

Timestamp: 2024-12-08 00:11:05
