
==================================================
Ticker: NYKAA.NS
Conditions Met: 2 of 6

Successful Conditions:
✓ Sample Size
✓ Tight Consolidation

Failed Conditions:
✗ Volatility Impulse
✗ Low Volume Consolidation
✗ Ema Proximity
✗ Reversal Level

Timestamp: 2024-12-07 23:37:33

==================================================
Ticker: OAL.NS
Conditions Met: 2 of 6

Successful Conditions:
✓ Sample Size
✓ Volatility Impulse

Failed Conditions:
✗ Tight Consolidation
✗ Low Volume Consolidation
✗ Ema Proximity
✗ Reversal Level

Timestamp: 2024-12-07 23:37:33
