
==================================================
Ticker: TTKPRESTIG.NS
Conditions Met: 2 of 6

Successful Conditions:
✓ Sample Size
✓ Low Volume Consolidation

Failed Conditions:
✗ Tight Consolidation
✗ Volatility Impulse
✗ Ema Proximity
✗ Reversal Level

Timestamp: 2024-12-07 23:44:36

==================================================
Ticker: TTL.NS
Conditions Met: 4 of 6

Successful Conditions:
✓ Sample Size
✓ Volatility Impulse
✓ Low Volume Consolidation
✓ Reversal Level

Failed Conditions:
✗ Tight Consolidation
✗ Ema Proximity

Timestamp: 2024-12-07 23:44:36
