
==================================================
Ticker: JLHL.NS
Conditions Met: 5 of 6

Successful Conditions:
✓ Sample Size
✓ Tight Consolidation
✓ Volatility Impulse
✓ Low Volume Consolidation
✓ Reversal Level

Failed Conditions:
✗ Ema Proximity

Timestamp: 2024-12-08 00:01:44

==================================================
Ticker: JMA.NS
Conditions Met: 4 of 6

Successful Conditions:
✓ Sample Size
✓ Tight Consolidation
✓ Low Volume Consolidation
✓ Ema Proximity

Failed Conditions:
✗ Volatility Impulse
✗ Reversal Level

Timestamp: 2024-12-08 00:01:44
