
==================================================
Ticker: SHOPERSTOP.NS
Conditions Met: 3 of 6

Successful Conditions:
✓ Sample Size
✓ Volatility Impulse
✓ Low Volume Consolidation

Failed Conditions:
✗ Tight Consolidation
✗ Ema Proximity
✗ Reversal Level

Timestamp: 2024-12-08 00:47:13

==================================================
Ticker: SHRADHA.NS
Conditions Met: 3 of 6

Successful Conditions:
✓ Sample Size
✓ Volatility Impulse
✓ Reversal Level

Failed Conditions:
✗ Tight Consolidation
✗ Low Volume Consolidation
✗ Ema Proximity

Timestamp: 2024-12-08 00:47:13
