
==================================================
Ticker: BLUECHIP.NS
Conditions Met: 2 of 6

Successful Conditions:
✓ Sample Size
✓ Reversal Level

Failed Conditions:
✗ Tight Consolidation
✗ Volatility Impulse
✗ Low Volume Consolidation
✗ Ema Proximity

Timestamp: 2024-12-07 23:52:59

==================================================
Ticker: BLUEDART.NS
Conditions Met: 4 of 6

Successful Conditions:
✓ Sample Size
✓ Tight Consolidation
✓ Volatility Impulse
✓ Low Volume Consolidation

Failed Conditions:
✗ Ema Proximity
✗ Reversal Level

Timestamp: 2024-12-07 23:52:59
