
==================================================
Ticker: BLSE.NS
Conditions Met: 3 of 6

Successful Conditions:
✓ Sample Size
✓ Volatility Impulse
✓ Ema Proximity

Failed Conditions:
✗ Tight Consolidation
✗ Low Volume Consolidation
✗ Reversal Level

Timestamp: 2024-12-07 23:25:54

==================================================
Ticker: BLUECHIP.NS
Conditions Met: 2 of 6

Successful Conditions:
✓ Sample Size
✓ Reversal Level

Failed Conditions:
✗ Tight Consolidation
✗ Volatility Impulse
✗ Low Volume Consolidation
✗ Ema Proximity

Timestamp: 2024-12-07 23:25:54
