
==================================================
Ticker: RAJRATAN.NS
Conditions Met: 4 of 6

Successful Conditions:
✓ Sample Size
✓ Tight Consolidation
✓ Volatility Impulse
✓ Low Volume Consolidation

Failed Conditions:
✗ Ema Proximity
✗ Reversal Level

Timestamp: 2024-12-07 23:39:19

==================================================
Ticker: RAJRILTD.NS
Conditions Met: 2 of 6

Successful Conditions:
✓ Sample Size
✓ Tight Consolidation

Failed Conditions:
✗ Volatility Impulse
✗ Low Volume Consolidation
✗ Ema Proximity
✗ Reversal Level

Timestamp: 2024-12-07 23:39:19
