
==================================================
Ticker: GVT&D.NS
Conditions Met: 3 of 6

Successful Conditions:
✓ Sample Size
✓ Volatility Impulse
✓ Ema Proximity

Failed Conditions:
✗ Tight Consolidation
✗ Low Volume Consolidation
✗ Reversal Level

Timestamp: 2024-12-07 23:57:47

==================================================
Ticker: HAL.NS
Conditions Met: 3 of 6

Successful Conditions:
✓ Sample Size
✓ Tight Consolidation
✓ Volatility Impulse

Failed Conditions:
✗ Low Volume Consolidation
✗ Ema Proximity
✗ Reversal Level

Timestamp: 2024-12-07 23:57:47
