
==================================================
Ticker: KILITCH.NS
Conditions Met: 3 of 6

Successful Conditions:
✓ Sample Size
✓ Tight Consolidation
✓ Volatility Impulse

Failed Conditions:
✗ Low Volume Consolidation
✗ Ema Proximity
✗ Reversal Level

Timestamp: 2024-12-07 23:33:59

==================================================
Ticker: KIMS.NS
Conditions Met: 4 of 6

Successful Conditions:
✓ Sample Size
✓ Tight Consolidation
✓ Volatility Impulse
✓ Reversal Level

Failed Conditions:
✗ Low Volume Consolidation
✗ Ema Proximity

Timestamp: 2024-12-07 23:33:59
