
==================================================
Ticker: SOMICONVEY.NS
Conditions Met: 2 of 6

Successful Conditions:
✓ Sample Size
✓ Volatility Impulse

Failed Conditions:
✗ Tight Consolidation
✗ Low Volume Consolidation
✗ Ema Proximity
✗ Reversal Level

Timestamp: 2024-12-08 00:47:45

==================================================
Ticker: SONACOMS.NS
Conditions Met: 6 of 6

Successful Conditions:
✓ Sample Size
✓ Tight Consolidation
✓ Volatility Impulse
✓ Low Volume Consolidation
✓ Ema Proximity
✓ Reversal Level

Timestamp: 2024-12-08 00:47:45
