
==================================================
Ticker: OBCL.NS
Conditions Met: 2 of 6

Successful Conditions:
✓ Sample Size
✓ Low Volume Consolidation

Failed Conditions:
✗ Tight Consolidation
✗ Volatility Impulse
✗ Ema Proximity
✗ Reversal Level

Timestamp: 2024-12-08 00:06:08

==================================================
Ticker: OBEROIRLTY.NS
Conditions Met: 4 of 6

Successful Conditions:
✓ Sample Size
✓ Tight Consolidation
✓ Volatility Impulse
✓ Reversal Level

Failed Conditions:
✗ Low Volume Consolidation
✗ Ema Proximity

Timestamp: 2024-12-08 00:06:08
