
==================================================
Ticker: MSUMI.NS
Conditions Met: 4 of 6

Successful Conditions:
✓ Sample Size
✓ Tight Consolidation
✓ Low Volume Consolidation
✓ Ema Proximity

Failed Conditions:
✗ Volatility Impulse
✗ Reversal Level

Timestamp: 2024-12-08 00:05:03

==================================================
Ticker: MTARTECH.NS
Conditions Met: 3 of 6

Successful Conditions:
✓ Sample Size
✓ Tight Consolidation
✓ Volatility Impulse

Failed Conditions:
✗ Low Volume Consolidation
✗ Ema Proximity
✗ Reversal Level

Timestamp: 2024-12-08 00:05:03
