
==================================================
Ticker: HPAL.NS
Conditions Met: 3 of 6

Successful Conditions:
✓ Sample Size
✓ Tight Consolidation
✓ Low Volume Consolidation

Failed Conditions:
✗ Volatility Impulse
✗ Ema Proximity
✗ Reversal Level

Timestamp: 2024-12-07 23:31:27

==================================================
Ticker: HPIL.NS
Conditions Met: 2 of 6

Successful Conditions:
✓ Sample Size
✓ Volatility Impulse

Failed Conditions:
✗ Tight Consolidation
✗ Low Volume Consolidation
✗ Ema Proximity
✗ Reversal Level

Timestamp: 2024-12-07 23:31:27
