
==================================================
Ticker: LGHL.NS
Conditions Met: 2 of 6

Successful Conditions:
✓ Sample Size
✓ Volatility Impulse

Failed Conditions:
✗ Tight Consolidation
✗ Low Volume Consolidation
✗ Ema Proximity
✗ Reversal Level

Timestamp: 2024-12-07 23:34:43

==================================================
Ticker: LIBAS.NS
Conditions Met: 5 of 6

Successful Conditions:
✓ Sample Size
✓ Tight Consolidation
✓ Volatility Impulse
✓ Low Volume Consolidation
✓ Ema Proximity

Failed Conditions:
✗ Reversal Level

Timestamp: 2024-12-07 23:34:43
