
==================================================
Ticker: SITINET.NS
Conditions Met: 3 of 6

Successful Conditions:
✓ Sample Size
✓ Low Volume Consolidation
✓ Ema Proximity

Failed Conditions:
✗ Tight Consolidation
✗ Volatility Impulse
✗ Reversal Level

Timestamp: 2024-12-08 00:47:33

==================================================
Ticker: SIYSIL.NS
Conditions Met: 4 of 6

Successful Conditions:
✓ Sample Size
✓ Tight Consolidation
✓ Volatility Impulse
✓ Reversal Level

Failed Conditions:
✗ Low Volume Consolidation
✗ Ema Proximity

Timestamp: 2024-12-08 00:47:33
