
==================================================
Ticker: KINGFA.NS
Conditions Met: 2 of 6

Successful Conditions:
✓ Sample Size
✓ Volatility Impulse

Failed Conditions:
✗ Tight Consolidation
✗ Low Volume Consolidation
✗ Ema Proximity
✗ Reversal Level

Timestamp: 2024-12-07 23:34:00

==================================================
Ticker: KIOCL.NS
Conditions Met: 4 of 6

Successful Conditions:
✓ Sample Size
✓ Tight Consolidation
✓ Volatility Impulse
✓ Ema Proximity

Failed Conditions:
✗ Low Volume Consolidation
✗ Reversal Level

Timestamp: 2024-12-07 23:34:00
