
==================================================
Ticker: KHANDSE.NS
Conditions Met: 3 of 6

Successful Conditions:
✓ Sample Size
✓ Volatility Impulse
✓ Ema Proximity

Failed Conditions:
✗ Tight Consolidation
✗ Low Volume Consolidation
✗ Reversal Level

Timestamp: 2024-12-08 01:18:59

==================================================
Ticker: KICL.NS
Conditions Met: 2 of 6

Successful Conditions:
✓ Sample Size
✓ Volatility Impulse

Failed Conditions:
✗ Tight Consolidation
✗ Low Volume Consolidation
✗ Ema Proximity
✗ Reversal Level

Timestamp: 2024-12-08 01:18:59
