
==================================================
Ticker: SANWARIA.NS
Conditions Met: 4 of 6

Successful Conditions:
✓ Sample Size
✓ Tight Consolidation
✓ Volatility Impulse
✓ Ema Proximity

Failed Conditions:
✗ Low Volume Consolidation
✗ Reversal Level

Timestamp: 2024-12-07 23:41:05

==================================================
Ticker: SAPPHIRE.NS
Conditions Met: 3 of 6

Successful Conditions:
✓ Sample Size
✓ Tight Consolidation
✓ Volatility Impulse

Failed Conditions:
✗ Low Volume Consolidation
✗ Ema Proximity
✗ Reversal Level

Timestamp: 2024-12-07 23:41:05
