
==================================================
Ticker: MSTCLTD.NS
Conditions Met: 2 of 6

Successful Conditions:
✓ Sample Size
✓ Volatility Impulse

Failed Conditions:
✗ Tight Consolidation
✗ Low Volume Consolidation
✗ Ema Proximity
✗ Reversal Level

Timestamp: 2024-12-07 23:36:27

==================================================
Ticker: MSUMI.NS
Conditions Met: 4 of 6

Successful Conditions:
✓ Sample Size
✓ Tight Consolidation
✓ Low Volume Consolidation
✓ Ema Proximity

Failed Conditions:
✗ Volatility Impulse
✗ Reversal Level

Timestamp: 2024-12-07 23:36:27
