
==================================================
Ticker: OAL.NS
Conditions Met: 2 of 6

Successful Conditions:
✓ Sample Size
✓ Volatility Impulse

Failed Conditions:
✗ Tight Consolidation
✗ Low Volume Consolidation
✗ Ema Proximity
✗ Reversal Level

Timestamp: 2024-12-08 00:40:05

==================================================
Ticker: OBCL.NS
Conditions Met: 2 of 6

Successful Conditions:
✓ Sample Size
✓ Low Volume Consolidation

Failed Conditions:
✗ Tight Consolidation
✗ Volatility Impulse
✗ Ema Proximity
✗ Reversal Level

Timestamp: 2024-12-08 00:40:05
