
==================================================
Ticker: DODLA.NS
Conditions Met: 5 of 6

Successful Conditions:
✓ Sample Size
✓ Volatility Impulse
✓ Low Volume Consolidation
✓ Ema Proximity
✓ Reversal Level

Failed Conditions:
✗ Tight Consolidation

Timestamp: 2024-12-08 00:31:02

==================================================
Ticker: DOLATALGO.NS
Conditions Met: 2 of 6

Successful Conditions:
✓ Sample Size
✓ Volatility Impulse

Failed Conditions:
✗ Tight Consolidation
✗ Low Volume Consolidation
✗ Ema Proximity
✗ Reversal Level

Timestamp: 2024-12-08 00:31:02
