
==================================================
Ticker: PENINLAND.NS
Conditions Met: 2 of 6

Successful Conditions:
✓ Sample Size
✓ Volatility Impulse

Failed Conditions:
✗ Tight Consolidation
✗ Low Volume Consolidation
✗ Ema Proximity
✗ Reversal Level

Timestamp: 2024-12-07 23:38:20

==================================================
Ticker: PERSISTENT.NS
Conditions Met: 4 of 6

Successful Conditions:
✓ Sample Size
✓ Volatility Impulse
✓ Low Volume Consolidation
✓ Reversal Level

Failed Conditions:
✗ Tight Consolidation
✗ Ema Proximity

Timestamp: 2024-12-07 23:38:20
