
==================================================
Ticker: GHCLTEXTIL.NS
Conditions Met: 2 of 6

Successful Conditions:
✓ Sample Size
✓ Volatility Impulse

Failed Conditions:
✗ Tight Consolidation
✗ Low Volume Consolidation
✗ Ema Proximity
✗ Reversal Level

Timestamp: 2024-12-07 23:18:26

==================================================
Ticker: GICHSGFIN.NS
Conditions Met: 3 of 6

Successful Conditions:
✓ Sample Size
✓ Volatility Impulse
✓ Low Volume Consolidation

Failed Conditions:
✗ Tight Consolidation
✗ Ema Proximity
✗ Reversal Level

Timestamp: 2024-12-07 23:18:26
