
==================================================
Ticker: RSYSTEMS.NS
Conditions Met: 5 of 6

Successful Conditions:
✓ Sample Size
✓ Tight Consolidation
✓ Volatility Impulse
✓ Low Volume Consolidation
✓ Reversal Level

Failed Conditions:
✗ Ema Proximity

Timestamp: 2024-12-07 23:40:30

==================================================
Ticker: RTNINDIA.NS
Conditions Met: 3 of 6

Successful Conditions:
✓ Sample Size
✓ Tight Consolidation
✓ Volatility Impulse

Failed Conditions:
✗ Low Volume Consolidation
✗ Ema Proximity
✗ Reversal Level

Timestamp: 2024-12-07 23:40:30
