
==================================================
Ticker: INDIACEM.NS
Conditions Met: 4 of 6

Successful Conditions:
✓ Sample Size
✓ Low Volume Consolidation
✓ Ema Proximity
✓ Reversal Level

Failed Conditions:
✗ Tight Consolidation
✗ Volatility Impulse

Timestamp: 2024-12-08 00:34:41

==================================================
Ticker: INDIAGLYCO.NS
Conditions Met: 2 of 6

Successful Conditions:
✓ Sample Size
✓ Volatility Impulse

Failed Conditions:
✗ Tight Consolidation
✗ Low Volume Consolidation
✗ Ema Proximity
✗ Reversal Level

Timestamp: 2024-12-08 00:34:41
