
==================================================
Ticker: JSL.NS
Conditions Met: 4 of 6

Successful Conditions:
✓ Sample Size
✓ Tight Consolidation
✓ Volatility Impulse
✓ Low Volume Consolidation

Failed Conditions:
✗ Ema Proximity
✗ Reversal Level

Timestamp: 2024-12-08 00:01:50

==================================================
Ticker: JSWENERGY.NS
Conditions Met: 3 of 6

Successful Conditions:
✓ Sample Size
✓ Tight Consolidation
✓ Volatility Impulse

Failed Conditions:
✗ Low Volume Consolidation
✗ Ema Proximity
✗ Reversal Level

Timestamp: 2024-12-08 00:01:50
