
==================================================
Ticker: SEAMECLTD.NS
Conditions Met: 2 of 6

Successful Conditions:
✓ Sample Size
✓ Volatility Impulse

Failed Conditions:
✗ Tight Consolidation
✗ Low Volume Consolidation
✗ Ema Proximity
✗ Reversal Level

Timestamp: 2024-12-08 00:46:29

==================================================
Ticker: SECMARK.NS
Conditions Met: 3 of 6

Successful Conditions:
✓ Sample Size
✓ Tight Consolidation
✓ Volatility Impulse

Failed Conditions:
✗ Low Volume Consolidation
✗ Ema Proximity
✗ Reversal Level

Timestamp: 2024-12-08 00:46:29
