
==================================================
Ticker: SHIVATEX.NS
Conditions Met: 5 of 6

Successful Conditions:
✓ Sample Size
✓ Tight Consolidation
✓ Volatility Impulse
✓ Ema Proximity
✓ Reversal Level

Failed Conditions:
✗ Low Volume Consolidation

Timestamp: 2024-12-07 23:41:52

==================================================
Ticker: SHK.NS
Conditions Met: 3 of 6

Successful Conditions:
✓ Sample Size
✓ Tight Consolidation
✓ Volatility Impulse

Failed Conditions:
✗ Low Volume Consolidation
✗ Ema Proximity
✗ Reversal Level

Timestamp: 2024-12-07 23:41:52
