
==================================================
Ticker: NCC.NS
Conditions Met: 3 of 6

Successful Conditions:
✓ Sample Size
✓ Tight Consolidation
✓ Volatility Impulse

Failed Conditions:
✗ Low Volume Consolidation
✗ Ema Proximity
✗ Reversal Level

Timestamp: 2024-12-08 00:39:03

==================================================
Ticker: NCLIND.NS
Conditions Met: 4 of 6

Successful Conditions:
✓ Sample Size
✓ Tight Consolidation
✓ Volatility Impulse
✓ Ema Proximity

Failed Conditions:
✗ Low Volume Consolidation
✗ Reversal Level

Timestamp: 2024-12-08 00:39:03
