
==================================================
Ticker: GVKPIL.NS
Conditions Met: 2 of 6

Successful Conditions:
✓ Sample Size
✓ Low Volume Consolidation

Failed Conditions:
✗ Tight Consolidation
✗ Volatility Impulse
✗ Ema Proximity
✗ Reversal Level

Timestamp: 2024-12-08 00:33:30

==================================================
Ticker: GVPTECH.NS
Conditions Met: 2 of 6

Successful Conditions:
✓ Sample Size
✓ Volatility Impulse

Failed Conditions:
✗ Tight Consolidation
✗ Low Volume Consolidation
✗ Ema Proximity
✗ Reversal Level

Timestamp: 2024-12-08 00:33:30
