
==================================================
Ticker: BPL.NS
Conditions Met: 2 of 6

Successful Conditions:
✓ Sample Size
✓ Volatility Impulse

Failed Conditions:
✗ Tight Consolidation
✗ Low Volume Consolidation
✗ Ema Proximity
✗ Reversal Level

Timestamp: 2024-12-08 01:12:02

==================================================
Ticker: BRIGADE.NS
Conditions Met: 2 of 6

Successful Conditions:
✓ Sample Size
✓ Volatility Impulse

Failed Conditions:
✗ Tight Consolidation
✗ Low Volume Consolidation
✗ Ema Proximity
✗ Reversal Level

Timestamp: 2024-12-08 01:12:02

==================================================
Ticker: BRITANNIA.NS
Conditions Met: 2 of 6

Successful Conditions:
✓ Sample Size
✓ Tight Consolidation

Failed Conditions:
✗ Volatility Impulse
✗ Low Volume Consolidation
✗ Ema Proximity
✗ Reversal Level

Timestamp: 2024-12-08 01:12:02
