
==================================================
Ticker: SIRCA.NS
Conditions Met: 3 of 6

Successful Conditions:
✓ Sample Size
✓ Tight Consolidation
✓ Volatility Impulse

Failed Conditions:
✗ Low Volume Consolidation
✗ Ema Proximity
✗ Reversal Level

Timestamp: 2024-12-08 00:47:32

==================================================
Ticker: SIS.NS
Conditions Met: 4 of 6

Successful Conditions:
✓ Sample Size
✓ Tight Consolidation
✓ Low Volume Consolidation
✓ Ema Proximity

Failed Conditions:
✗ Volatility Impulse
✗ Reversal Level

Timestamp: 2024-12-08 00:47:32
