
==================================================
Ticker: RELAXO.NS
Conditions Met: 2 of 6

Successful Conditions:
✓ Sample Size
✓ Tight Consolidation

Failed Conditions:
✗ Volatility Impulse
✗ Low Volume Consolidation
✗ Ema Proximity
✗ Reversal Level

Timestamp: 2024-12-08 00:08:09

==================================================
Ticker: RELCHEMQ.NS
Conditions Met: 3 of 6

Successful Conditions:
✓ Sample Size
✓ Tight Consolidation
✓ Volatility Impulse

Failed Conditions:
✗ Low Volume Consolidation
✗ Ema Proximity
✗ Reversal Level

Timestamp: 2024-12-08 00:08:09
