
==================================================
Ticker: SHYAMMETL.NS
Conditions Met: 4 of 6

Successful Conditions:
✓ Sample Size
✓ Volatility Impulse
✓ Low Volume Consolidation
✓ Ema Proximity

Failed Conditions:
✗ Tight Consolidation
✗ Reversal Level

Timestamp: 2024-12-08 00:10:42

==================================================
Ticker: SHYAMTEL.NS
Conditions Met: 3 of 6

Successful Conditions:
✓ Sample Size
✓ Volatility Impulse
✓ Reversal Level

Failed Conditions:
✗ Tight Consolidation
✗ Low Volume Consolidation
✗ Ema Proximity

Timestamp: 2024-12-08 00:10:42
